<?xml version="1.0" encoding="UTF-8"?>
<!-- Generated by org.testng.reporters.JUnitXMLReporter -->
<testsuite ignored="1" hostname="DESKTOP-948JMU8" failures="0" tests="4" name="Test" time="2.394" errors="0" timestamp="2023-08-06T11:53:14 IST">
  <testcase classname="qa.LoginTest" name="verifyLoginCredentials" time="2.133"/>
  <testcase classname="qa.LoginTest" name="verifyLoginButtonFun" time="0.079"/>
  <testcase classname="qa.AddToCartTest" name="verifySort" time="0.106"/>
  <testcase classname="qa.AddToCartTest" name="verifyAddToCart" time="0.032"/>
  <testcase classname="qa.BaseTest" name="@BeforeSuite initBrowser" time="0.0">
    <ignored/>
  </testcase> <!-- @BeforeSuite initBrowser -->
</testsuite> <!-- Test -->
