<?xml version="1.0" encoding="UTF-8"?>
<testng-results ignored="1" total="5" passed="4" failed="0" skipped="0">
  <reporter-output>
  </reporter-output>
  <suite started-at="2023-08-06T11:53:12 IST" name="Suite" finished-at="2023-08-06T11:53:14 IST" duration-ms="2394">
    <groups>
    </groups>
    <test started-at="2023-08-06T11:53:12 IST" name="Test" finished-at="2023-08-06T11:53:14 IST" duration-ms="2394">
      <class name="qa.AddToCartTest">
        <test-method is-config="true" signature="createObject()[pri:0, instance:qa.AddToCartTest@49d904ec]" started-at="2023-08-06T11:53:14 IST" name="createObject" finished-at="2023-08-06T11:53:14 IST" duration-ms="1" status="PASS">
          <reporter-output>
          </reporter-output>
        </test-method> <!-- createObject -->
        <test-method signature="verifySort()[pri:3, instance:qa.AddToCartTest@49d904ec]" started-at="2023-08-06T11:53:14 IST" name="verifySort" finished-at="2023-08-06T11:53:14 IST" duration-ms="106" status="PASS">
          <reporter-output>
          </reporter-output>
        </test-method> <!-- verifySort -->
        <test-method signature="verifyAddToCart()[pri:4, instance:qa.AddToCartTest@49d904ec]" started-at="2023-08-06T11:53:14 IST" name="verifyAddToCart" finished-at="2023-08-06T11:53:14 IST" duration-ms="32" status="PASS">
          <reporter-output>
          </reporter-output>
        </test-method> <!-- verifyAddToCart -->
      </class> <!-- qa.AddToCartTest -->
      <class name="qa.LoginTest">
        <test-method is-config="true" signature="initBrowser()[pri:0, instance:qa.LoginTest@2473d930]" started-at="2023-08-06T11:53:08 IST" name="initBrowser" finished-at="2023-08-06T11:53:12 IST" duration-ms="3861" status="PASS">
          <reporter-output>
          </reporter-output>
        </test-method> <!-- initBrowser -->
        <test-method is-config="true" signature="createObject()[pri:0, instance:qa.LoginTest@2473d930]" started-at="2023-08-06T11:53:12 IST" name="createObject" finished-at="2023-08-06T11:53:12 IST" duration-ms="14" status="PASS">
          <reporter-output>
          </reporter-output>
        </test-method> <!-- createObject -->
        <test-method signature="verifyLoginCredentials()[pri:1, instance:qa.LoginTest@2473d930]" started-at="2023-08-06T11:53:12 IST" name="verifyLoginCredentials" finished-at="2023-08-06T11:53:14 IST" duration-ms="2133" status="PASS">
          <reporter-output>
          </reporter-output>
        </test-method> <!-- verifyLoginCredentials -->
        <test-method signature="verifyLoginButtonFun()[pri:2, instance:qa.LoginTest@2473d930]" started-at="2023-08-06T11:53:14 IST" name="verifyLoginButtonFun" finished-at="2023-08-06T11:53:14 IST" duration-ms="79" status="PASS">
          <reporter-output>
          </reporter-output>
        </test-method> <!-- verifyLoginButtonFun -->
      </class> <!-- qa.LoginTest -->
    </test> <!-- Test -->
  </suite> <!-- Suite -->
</testng-results>
